desc: --stacks=yes --time-unit=i --massif-out-file=massif3.out
cmd: ./bbpModefy
time_unit: i
#-----------
snapshot=0
#-----------
time=0
mem_heap_B=0
mem_heap_extra_B=0
mem_stacks_B=0
heap_tree=empty
#-----------
snapshot=1
#-----------
time=1509
mem_heap_B=0
mem_heap_extra_B=0
mem_stacks_B=400
heap_tree=empty
#-----------
snapshot=2
#-----------
time=27926
mem_heap_B=0
mem_heap_extra_B=0
mem_stacks_B=400
heap_tree=detailed
n0: 0 (heap allocation functions) malloc/new/new[], --alloc-fns, etc.
#-----------
snapshot=3
#-----------
time=33782
mem_heap_B=0
mem_heap_extra_B=0
mem_stacks_B=7176
heap_tree=detailed
n0: 0 (heap allocation functions) malloc/new/new[], --alloc-fns, etc.
#-----------
snapshot=4
#-----------
time=41674
mem_heap_B=0
mem_heap_extra_B=0
mem_stacks_B=2880
heap_tree=empty
#-----------
snapshot=5
#-----------
time=53014
mem_heap_B=0
mem_heap_extra_B=0
mem_stacks_B=3184
heap_tree=empty
#-----------
snapshot=6
#-----------
time=60744
mem_heap_B=0
mem_heap_extra_B=0
mem_stacks_B=952
heap_tree=empty
#-----------
snapshot=7
#-----------
time=68900
mem_heap_B=0
mem_heap_extra_B=0
mem_stacks_B=848
heap_tree=empty
#-----------
snapshot=8
#-----------
time=85300
mem_heap_B=0
mem_heap_extra_B=0
mem_stacks_B=1096
heap_tree=empty
#-----------
snapshot=9
#-----------
time=95874
mem_heap_B=0
mem_heap_extra_B=0
mem_stacks_B=1576
heap_tree=empty
#-----------
snapshot=10
#-----------
time=103940
mem_heap_B=0
mem_heap_extra_B=0
mem_stacks_B=1576
heap_tree=empty
#-----------
snapshot=11
#-----------
time=115138
mem_heap_B=0
mem_heap_extra_B=0
mem_stacks_B=1576
heap_tree=empty
#-----------
snapshot=12
#-----------
time=120656
mem_heap_B=0
mem_heap_extra_B=0
mem_stacks_B=1576
heap_tree=empty
#-----------
snapshot=13
#-----------
time=128395
mem_heap_B=0
mem_heap_extra_B=0
mem_stacks_B=1576
heap_tree=empty
#-----------
snapshot=14
#-----------
time=137996
mem_heap_B=0
mem_heap_extra_B=0
mem_stacks_B=1576
heap_tree=empty
#-----------
snapshot=15
#-----------
time=144550
mem_heap_B=0
mem_heap_extra_B=0
mem_stacks_B=1320
heap_tree=empty
#-----------
snapshot=16
#-----------
time=154707
mem_heap_B=0
mem_heap_extra_B=0
mem_stacks_B=1568
heap_tree=empty
#-----------
snapshot=17
#-----------
time=163104
mem_heap_B=0
mem_heap_extra_B=0
mem_stacks_B=1576
heap_tree=detailed
n0: 0 (heap allocation functions) malloc/new/new[], --alloc-fns, etc.
#-----------
snapshot=18
#-----------
time=168834
mem_heap_B=0
mem_heap_extra_B=0
mem_stacks_B=1416
heap_tree=empty
#-----------
snapshot=19
#-----------
time=180643
mem_heap_B=0
mem_heap_extra_B=0
mem_stacks_B=1576
heap_tree=empty
#-----------
snapshot=20
#-----------
time=190559
mem_heap_B=0
mem_heap_extra_B=0
mem_stacks_B=1576
heap_tree=empty
#-----------
snapshot=21
#-----------
time=198883
mem_heap_B=0
mem_heap_extra_B=0
mem_stacks_B=1416
heap_tree=empty
#-----------
snapshot=22
#-----------
time=205982
mem_heap_B=0
mem_heap_extra_B=0
mem_stacks_B=1576
heap_tree=detailed
n0: 0 (heap allocation functions) malloc/new/new[], --alloc-fns, etc.
#-----------
snapshot=23
#-----------
time=211557
mem_heap_B=0
mem_heap_extra_B=0
mem_stacks_B=1416
heap_tree=empty
#-----------
snapshot=24
#-----------
time=219528
mem_heap_B=0
mem_heap_extra_B=0
mem_stacks_B=1768
heap_tree=empty
#-----------
snapshot=25
#-----------
time=232040
mem_heap_B=544
mem_heap_extra_B=56
mem_stacks_B=2984
heap_tree=empty
#-----------
snapshot=26
#-----------
time=243673
mem_heap_B=4472
mem_heap_extra_B=1120
mem_stacks_B=1664
heap_tree=detailed
n5: 4472 (heap allocation functions) malloc/new/new[], --alloc-fns, etc.
 n1: 1792 0x108E6A: tpool_future_create (bbpModefy.c:88)
  n1: 1792 0x109950: tpool_apply (bbpModefy.c:363)
   n0: 1792 0x109C7F: main (bbpModefy.c:421)
 n1: 1320 0x109947: tpool_apply (bbpModefy.c:362)
  n0: 1320 0x109C7F: main (bbpModefy.c:421)
 n1: 1088 0x4013645: _dl_allocate_tls (dl-tls.c:286)
  n1: 1088 0x51DB226: pthread_create@@GLIBC_2.2.5 (allocatestack.c:627)
   n1: 1088 0x109827: tpool_create (bbpModefy.c:336)
    n0: 1088 0x109C2A: main (bbpModefy.c:416)
 n2: 208 0x108F4B: jobqueue_create (bbpModefy.c:146)
  n1: 104 0x109732: tpool_create (bbpModefy.c:322)
   n0: 104 0x109C2A: main (bbpModefy.c:416)
  n1: 104 0x10973B: tpool_create (bbpModefy.c:323)
   n0: 104 0x109C2A: main (bbpModefy.c:416)
 n0: 64 in 2 places, all below massif's threshold (1.00%)
#-----------
snapshot=27
#-----------
time=250669
mem_heap_B=7408
mem_heap_extra_B=2096
mem_stacks_B=1696
heap_tree=detailed
n5: 7408 (heap allocation functions) malloc/new/new[], --alloc-fns, etc.
 n1: 3528 0x108E6A: tpool_future_create (bbpModefy.c:88)
  n1: 3528 0x109950: tpool_apply (bbpModefy.c:363)
   n0: 3528 0x109C7F: main (bbpModefy.c:421)
 n1: 2520 0x109947: tpool_apply (bbpModefy.c:362)
  n0: 2520 0x109C7F: main (bbpModefy.c:421)
 n1: 1088 0x4013645: _dl_allocate_tls (dl-tls.c:286)
  n1: 1088 0x51DB226: pthread_create@@GLIBC_2.2.5 (allocatestack.c:627)
   n1: 1088 0x109827: tpool_create (bbpModefy.c:336)
    n0: 1088 0x109C2A: main (bbpModefy.c:416)
 n1: 208 0x108F4B: jobqueue_create (bbpModefy.c:146)
  n0: 208 in 2 places, all below massif's threshold (1.00%)
 n0: 64 in 2 places, all below massif's threshold (1.00%)
#-----------
snapshot=28
#-----------
time=260177
mem_heap_B=11056
mem_heap_extra_B=3312
mem_stacks_B=3480
heap_tree=detailed
n5: 11056 (heap allocation functions) malloc/new/new[], --alloc-fns, etc.
 n1: 5656 0x108E6A: tpool_future_create (bbpModefy.c:88)
  n1: 5656 0x109950: tpool_apply (bbpModefy.c:363)
   n0: 5656 0x109C7F: main (bbpModefy.c:421)
 n1: 4040 0x109947: tpool_apply (bbpModefy.c:362)
  n0: 4040 0x109C7F: main (bbpModefy.c:421)
 n1: 1088 0x4013645: _dl_allocate_tls (dl-tls.c:286)
  n1: 1088 0x51DB226: pthread_create@@GLIBC_2.2.5 (allocatestack.c:627)
   n1: 1088 0x109827: tpool_create (bbpModefy.c:336)
    n0: 1088 0x109C2A: main (bbpModefy.c:416)
 n1: 208 0x108F4B: jobqueue_create (bbpModefy.c:146)
  n0: 208 in 2 places, all below massif's threshold (1.00%)
 n0: 64 in 2 places, all below massif's threshold (1.00%)
#-----------
snapshot=29
#-----------
time=271058
mem_heap_B=11152
mem_heap_extra_B=3504
mem_stacks_B=2488
heap_tree=empty
#-----------
snapshot=30
#-----------
time=283618
mem_heap_B=11280
mem_heap_extra_B=3760
mem_stacks_B=2488
heap_tree=empty
#-----------
snapshot=31
#-----------
time=291468
mem_heap_B=11360
mem_heap_extra_B=3920
mem_stacks_B=2488
heap_tree=detailed
n6: 11360 (heap allocation functions) malloc/new/new[], --alloc-fns, etc.
 n1: 5656 0x108E6A: tpool_future_create (bbpModefy.c:88)
  n1: 5656 0x109950: tpool_apply (bbpModefy.c:363)
   n0: 5656 0x109C7F: main (bbpModefy.c:421)
 n1: 4040 0x109947: tpool_apply (bbpModefy.c:362)
  n0: 4040 0x109C7F: main (bbpModefy.c:421)
 n1: 1088 0x4013645: _dl_allocate_tls (dl-tls.c:286)
  n1: 1088 0x51DB226: pthread_create@@GLIBC_2.2.5 (allocatestack.c:627)
   n1: 1088 0x109827: tpool_create (bbpModefy.c:336)
    n0: 1088 0x109C2A: main (bbpModefy.c:416)
 n1: 304 0x109BA4: bpp (bbpModefy.c:405)
  n1: 304 0x10936A: jobqueue_fetch (bbpModefy.c:228)
   n1: 304 0x51DA6D9: start_thread (pthread_create.c:463)
    n0: 304 0x551371D: clone (clone.S:95)
 n1: 208 0x108F4B: jobqueue_create (bbpModefy.c:146)
  n0: 208 in 2 places, all below massif's threshold (1.00%)
 n0: 64 in 2 places, all below massif's threshold (1.00%)
#-----------
snapshot=32
#-----------
time=299393
mem_heap_B=11440
mem_heap_extra_B=4080
mem_stacks_B=2528
heap_tree=detailed
n6: 11440 (heap allocation functions) malloc/new/new[], --alloc-fns, etc.
 n1: 5656 0x108E6A: tpool_future_create (bbpModefy.c:88)
  n1: 5656 0x109950: tpool_apply (bbpModefy.c:363)
   n0: 5656 0x109C7F: main (bbpModefy.c:421)
 n1: 4040 0x109947: tpool_apply (bbpModefy.c:362)
  n0: 4040 0x109C7F: main (bbpModefy.c:421)
 n1: 1088 0x4013645: _dl_allocate_tls (dl-tls.c:286)
  n1: 1088 0x51DB226: pthread_create@@GLIBC_2.2.5 (allocatestack.c:627)
   n1: 1088 0x109827: tpool_create (bbpModefy.c:336)
    n0: 1088 0x109C2A: main (bbpModefy.c:416)
 n1: 384 0x109BA4: bpp (bbpModefy.c:405)
  n1: 384 0x10936A: jobqueue_fetch (bbpModefy.c:228)
   n1: 384 0x51DA6D9: start_thread (pthread_create.c:463)
    n0: 384 0x551371D: clone (clone.S:95)
 n1: 208 0x108F4B: jobqueue_create (bbpModefy.c:146)
  n0: 208 in 2 places, all below massif's threshold (1.00%)
 n0: 64 in 2 places, all below massif's threshold (1.00%)
#-----------
snapshot=33
#-----------
time=311953
mem_heap_B=11568
mem_heap_extra_B=4336
mem_stacks_B=2528
heap_tree=detailed
n6: 11568 (heap allocation functions) malloc/new/new[], --alloc-fns, etc.
 n1: 5656 0x108E6A: tpool_future_create (bbpModefy.c:88)
  n1: 5656 0x109950: tpool_apply (bbpModefy.c:363)
   n0: 5656 0x109C7F: main (bbpModefy.c:421)
 n1: 4040 0x109947: tpool_apply (bbpModefy.c:362)
  n0: 4040 0x109C7F: main (bbpModefy.c:421)
 n1: 1088 0x4013645: _dl_allocate_tls (dl-tls.c:286)
  n1: 1088 0x51DB226: pthread_create@@GLIBC_2.2.5 (allocatestack.c:627)
   n1: 1088 0x109827: tpool_create (bbpModefy.c:336)
    n0: 1088 0x109C2A: main (bbpModefy.c:416)
 n1: 512 0x109BA4: bpp (bbpModefy.c:405)
  n1: 512 0x10936A: jobqueue_fetch (bbpModefy.c:228)
   n1: 512 0x51DA6D9: start_thread (pthread_create.c:463)
    n0: 512 0x551371D: clone (clone.S:95)
 n1: 208 0x108F4B: jobqueue_create (bbpModefy.c:146)
  n0: 208 in 2 places, all below massif's threshold (1.00%)
 n0: 64 in 2 places, all below massif's threshold (1.00%)
#-----------
snapshot=34
#-----------
time=318233
mem_heap_B=11632
mem_heap_extra_B=4464
mem_stacks_B=2528
heap_tree=detailed
n6: 11632 (heap allocation functions) malloc/new/new[], --alloc-fns, etc.
 n1: 5656 0x108E6A: tpool_future_create (bbpModefy.c:88)
  n1: 5656 0x109950: tpool_apply (bbpModefy.c:363)
   n0: 5656 0x109C7F: main (bbpModefy.c:421)
 n1: 4040 0x109947: tpool_apply (bbpModefy.c:362)
  n0: 4040 0x109C7F: main (bbpModefy.c:421)
 n1: 1088 0x4013645: _dl_allocate_tls (dl-tls.c:286)
  n1: 1088 0x51DB226: pthread_create@@GLIBC_2.2.5 (allocatestack.c:627)
   n1: 1088 0x109827: tpool_create (bbpModefy.c:336)
    n0: 1088 0x109C2A: main (bbpModefy.c:416)
 n1: 576 0x109BA4: bpp (bbpModefy.c:405)
  n1: 576 0x10936A: jobqueue_fetch (bbpModefy.c:228)
   n1: 576 0x51DA6D9: start_thread (pthread_create.c:463)
    n0: 576 0x551371D: clone (clone.S:95)
 n1: 208 0x108F4B: jobqueue_create (bbpModefy.c:146)
  n0: 208 in 2 places, all below massif's threshold (1.00%)
 n0: 64 in 2 places, all below massif's threshold (1.00%)
#-----------
snapshot=35
#-----------
time=324513
mem_heap_B=11696
mem_heap_extra_B=4592
mem_stacks_B=2528
heap_tree=detailed
n6: 11696 (heap allocation functions) malloc/new/new[], --alloc-fns, etc.
 n1: 5656 0x108E6A: tpool_future_create (bbpModefy.c:88)
  n1: 5656 0x109950: tpool_apply (bbpModefy.c:363)
   n0: 5656 0x109C7F: main (bbpModefy.c:421)
 n1: 4040 0x109947: tpool_apply (bbpModefy.c:362)
  n0: 4040 0x109C7F: main (bbpModefy.c:421)
 n1: 1088 0x4013645: _dl_allocate_tls (dl-tls.c:286)
  n1: 1088 0x51DB226: pthread_create@@GLIBC_2.2.5 (allocatestack.c:627)
   n1: 1088 0x109827: tpool_create (bbpModefy.c:336)
    n0: 1088 0x109C2A: main (bbpModefy.c:416)
 n1: 640 0x109BA4: bpp (bbpModefy.c:405)
  n1: 640 0x10936A: jobqueue_fetch (bbpModefy.c:228)
   n1: 640 0x51DA6D9: start_thread (pthread_create.c:463)
    n0: 640 0x551371D: clone (clone.S:95)
 n1: 208 0x108F4B: jobqueue_create (bbpModefy.c:146)
  n0: 208 in 2 places, all below massif's threshold (1.00%)
 n0: 64 in 2 places, all below massif's threshold (1.00%)
#-----------
snapshot=36
#-----------
time=330793
mem_heap_B=11760
mem_heap_extra_B=4720
mem_stacks_B=2528
heap_tree=detailed
n6: 11760 (heap allocation functions) malloc/new/new[], --alloc-fns, etc.
 n1: 5656 0x108E6A: tpool_future_create (bbpModefy.c:88)
  n1: 5656 0x109950: tpool_apply (bbpModefy.c:363)
   n0: 5656 0x109C7F: main (bbpModefy.c:421)
 n1: 4040 0x109947: tpool_apply (bbpModefy.c:362)
  n0: 4040 0x109C7F: main (bbpModefy.c:421)
 n1: 1088 0x4013645: _dl_allocate_tls (dl-tls.c:286)
  n1: 1088 0x51DB226: pthread_create@@GLIBC_2.2.5 (allocatestack.c:627)
   n1: 1088 0x109827: tpool_create (bbpModefy.c:336)
    n0: 1088 0x109C2A: main (bbpModefy.c:416)
 n1: 704 0x109BA4: bpp (bbpModefy.c:405)
  n1: 704 0x10936A: jobqueue_fetch (bbpModefy.c:228)
   n1: 704 0x51DA6D9: start_thread (pthread_create.c:463)
    n0: 704 0x551371D: clone (clone.S:95)
 n1: 208 0x108F4B: jobqueue_create (bbpModefy.c:146)
  n0: 208 in 2 places, all below massif's threshold (1.00%)
 n0: 64 in 2 places, all below massif's threshold (1.00%)
#-----------
snapshot=37
#-----------
time=342283
mem_heap_B=11864
mem_heap_extra_B=4928
mem_stacks_B=4032
heap_tree=peak
n6: 11864 (heap allocation functions) malloc/new/new[], --alloc-fns, etc.
 n1: 5656 0x108E6A: tpool_future_create (bbpModefy.c:88)
  n1: 5656 0x109950: tpool_apply (bbpModefy.c:363)
   n0: 5656 0x109C7F: main (bbpModefy.c:421)
 n1: 4040 0x109947: tpool_apply (bbpModefy.c:362)
  n0: 4040 0x109C7F: main (bbpModefy.c:421)
 n1: 1088 0x4013645: _dl_allocate_tls (dl-tls.c:286)
  n1: 1088 0x51DB226: pthread_create@@GLIBC_2.2.5 (allocatestack.c:627)
   n1: 1088 0x109827: tpool_create (bbpModefy.c:336)
    n0: 1088 0x109C2A: main (bbpModefy.c:416)
 n1: 808 0x109BA4: bpp (bbpModefy.c:405)
  n1: 808 0x10936A: jobqueue_fetch (bbpModefy.c:228)
   n1: 808 0x51DA6D9: start_thread (pthread_create.c:463)
    n0: 808 0x551371D: clone (clone.S:95)
 n1: 208 0x108F4B: jobqueue_create (bbpModefy.c:146)
  n0: 208 in 2 places, all below massif's threshold (1.00%)
 n0: 64 in 2 places, all below massif's threshold (1.00%)
#-----------
snapshot=38
#-----------
time=349853
mem_heap_B=8888
mem_heap_extra_B=3936
mem_stacks_B=4016
heap_tree=empty
#-----------
snapshot=39
#-----------
time=361998
mem_heap_B=3800
mem_heap_extra_B=2240
mem_stacks_B=4024
heap_tree=empty
#-----------
snapshot=40
#-----------
time=372648
mem_heap_B=2168
mem_heap_extra_B=1696
mem_stacks_B=8568
heap_tree=detailed
n4: 2168 (heap allocation functions) malloc/new/new[], --alloc-fns, etc.
 n1: 1088 0x4013645: _dl_allocate_tls (dl-tls.c:286)
  n1: 1088 0x51DB226: pthread_create@@GLIBC_2.2.5 (allocatestack.c:627)
   n1: 1088 0x109827: tpool_create (bbpModefy.c:336)
    n0: 1088 0x109C2A: main (bbpModefy.c:416)
 n1: 808 0x109BA4: bpp (bbpModefy.c:405)
  n1: 808 0x10936A: jobqueue_fetch (bbpModefy.c:228)
   n1: 808 0x51DA6D9: start_thread (pthread_create.c:463)
    n0: 808 0x551371D: clone (clone.S:95)
 n1: 208 0x108F4B: jobqueue_create (bbpModefy.c:146)
  n0: 208 in 2 places, all below massif's threshold (1.00%)
 n0: 64 in 4 places, all below massif's threshold (1.00%)
#-----------
snapshot=41
#-----------
time=378831
mem_heap_B=3478
mem_heap_extra_B=1762
mem_stacks_B=7632
heap_tree=empty
#-----------
snapshot=42
#-----------
time=386891
mem_heap_B=3862
mem_heap_extra_B=1770
mem_stacks_B=8032
heap_tree=empty
#-----------
snapshot=43
#-----------
time=399331
mem_heap_B=3862
mem_heap_extra_B=1770
mem_stacks_B=7928
heap_tree=empty
#-----------
snapshot=44
#-----------
time=407488
mem_heap_B=3862
mem_heap_extra_B=1770
mem_stacks_B=8216
heap_tree=empty
#-----------
snapshot=45
#-----------
time=413560
mem_heap_B=3862
mem_heap_extra_B=1770
mem_stacks_B=7928
heap_tree=empty
#-----------
snapshot=46
#-----------
time=421550
mem_heap_B=3862
mem_heap_extra_B=1770
mem_stacks_B=8216
heap_tree=empty
#-----------
snapshot=47
#-----------
time=426473
mem_heap_B=3862
mem_heap_extra_B=1770
mem_stacks_B=8032
heap_tree=empty
#-----------
snapshot=48
#-----------
time=435955
mem_heap_B=3862
mem_heap_extra_B=1770
mem_stacks_B=7696
heap_tree=detailed
n6: 3862 (heap allocation functions) malloc/new/new[], --alloc-fns, etc.
 n1: 1182 0x400C2AF: _dl_new_object (dl-object.c:73)
  n1: 1182 0x4006A03: _dl_map_object_from_fd (dl-load.c:998)
   n1: 1182 0x40091AA: _dl_map_object (dl-load.c:2460)
    n1: 1182 0x4015082: dl_open_worker (dl-open.c:235)
     n1: 1182 0x55591ED: _dl_catch_exception (dl-error-skeleton.c:196)
      n1: 1182 0x4014968: _dl_open (dl-open.c:605)
       n1: 1182 0x55582BB: do_dlopen (dl-libc.c:96)
        n1: 1182 0x55591ED: _dl_catch_exception (dl-error-skeleton.c:196)
         n1: 1182 0x555927D: _dl_catch_error (dl-error-skeleton.c:215)
          n1: 1182 0x55583E7: __libc_dlopen_mode (dl-libc.c:46)
           n1: 1182 0x51E5ED9: pthread_cancel_init (unwind-forcedunwind.c:52)
            n1: 1182 0x51E60C2: _Unwind_ForcedUnwind (unwind-forcedunwind.c:126)
             n1: 1182 0x51E3FFE: __pthread_unwind (unwind.c:121)
              n1: 1182 0x51DBAE3: pthread_exit (pthreadP.h:301)
               n1: 1182 0x109494: jobqueue_fetch (bbpModefy.c:251)
                n1: 1182 0x51DA6D9: start_thread (pthread_create.c:463)
                 n0: 1182 0x551371D: clone (clone.S:95)
 n1: 1088 0x4013645: _dl_allocate_tls (dl-tls.c:286)
  n1: 1088 0x51DB226: pthread_create@@GLIBC_2.2.5 (allocatestack.c:627)
   n1: 1088 0x109827: tpool_create (bbpModefy.c:336)
    n0: 1088 0x109C2A: main (bbpModefy.c:416)
 n1: 808 0x109BA4: bpp (bbpModefy.c:405)
  n1: 808 0x10936A: jobqueue_fetch (bbpModefy.c:228)
   n1: 808 0x51DA6D9: start_thread (pthread_create.c:463)
    n0: 808 0x551371D: clone (clone.S:95)
 n1: 384 0x4012024: _dl_check_map_versions (dl-version.c:274)
  n1: 384 0x40153EA: dl_open_worker (dl-open.c:284)
   n1: 384 0x55591ED: _dl_catch_exception (dl-error-skeleton.c:196)
    n1: 384 0x4014968: _dl_open (dl-open.c:605)
     n1: 384 0x55582BB: do_dlopen (dl-libc.c:96)
      n1: 384 0x55591ED: _dl_catch_exception (dl-error-skeleton.c:196)
       n1: 384 0x555927D: _dl_catch_error (dl-error-skeleton.c:215)
        n1: 384 0x55583E7: __libc_dlopen_mode (dl-libc.c:46)
         n1: 384 0x51E5ED9: pthread_cancel_init (unwind-forcedunwind.c:52)
          n1: 384 0x51E60C2: _Unwind_ForcedUnwind (unwind-forcedunwind.c:126)
           n1: 384 0x51E3FFE: __pthread_unwind (unwind.c:121)
            n1: 384 0x51DBAE3: pthread_exit (pthreadP.h:301)
             n1: 384 0x109494: jobqueue_fetch (bbpModefy.c:251)
              n1: 384 0x51DA6D9: start_thread (pthread_create.c:463)
               n0: 384 0x551371D: clone (clone.S:95)
 n1: 208 0x108F4B: jobqueue_create (bbpModefy.c:146)
  n0: 208 in 2 places, all below massif's threshold (1.00%)
 n0: 192 in 7 places, all below massif's threshold (1.00%)
#-----------
snapshot=49
#-----------
time=440753
mem_heap_B=3862
mem_heap_extra_B=1770
mem_stacks_B=7408
heap_tree=empty
#-----------
snapshot=50
#-----------
time=442455
mem_heap_B=3862
mem_heap_extra_B=1770
mem_stacks_B=7408
heap_tree=empty
#-----------
snapshot=51
#-----------
time=443966
mem_heap_B=3862
mem_heap_extra_B=1770
mem_stacks_B=6944
heap_tree=empty
#-----------
snapshot=52
#-----------
time=445517
mem_heap_B=3862
mem_heap_extra_B=1770
mem_stacks_B=7168
heap_tree=empty
#-----------
snapshot=53
#-----------
time=447035
mem_heap_B=3862
mem_heap_extra_B=1770
mem_stacks_B=7424
heap_tree=empty
#-----------
snapshot=54
#-----------
time=448577
mem_heap_B=3862
mem_heap_extra_B=1770
mem_stacks_B=7248
heap_tree=empty
#-----------
snapshot=55
#-----------
time=450142
mem_heap_B=3862
mem_heap_extra_B=1770
mem_stacks_B=6208
heap_tree=empty
#-----------
snapshot=56
#-----------
time=451696
mem_heap_B=3862
mem_heap_extra_B=1770
mem_stacks_B=6064
heap_tree=detailed
n6: 3862 (heap allocation functions) malloc/new/new[], --alloc-fns, etc.
 n1: 1182 0x400C2AF: _dl_new_object (dl-object.c:73)
  n1: 1182 0x4006A03: _dl_map_object_from_fd (dl-load.c:998)
   n1: 1182 0x40091AA: _dl_map_object (dl-load.c:2460)
    n1: 1182 0x4015082: dl_open_worker (dl-open.c:235)
     n1: 1182 0x55591ED: _dl_catch_exception (dl-error-skeleton.c:196)
      n1: 1182 0x4014968: _dl_open (dl-open.c:605)
       n1: 1182 0x55582BB: do_dlopen (dl-libc.c:96)
        n1: 1182 0x55591ED: _dl_catch_exception (dl-error-skeleton.c:196)
         n1: 1182 0x555927D: _dl_catch_error (dl-error-skeleton.c:215)
          n1: 1182 0x55583E7: __libc_dlopen_mode (dl-libc.c:46)
           n1: 1182 0x51E5ED9: pthread_cancel_init (unwind-forcedunwind.c:52)
            n1: 1182 0x51E60C2: _Unwind_ForcedUnwind (unwind-forcedunwind.c:126)
             n1: 1182 0x51E3FFE: __pthread_unwind (unwind.c:121)
              n1: 1182 0x51DBAE3: pthread_exit (pthreadP.h:301)
               n1: 1182 0x109494: jobqueue_fetch (bbpModefy.c:251)
                n1: 1182 0x51DA6D9: start_thread (pthread_create.c:463)
                 n0: 1182 0x551371D: clone (clone.S:95)
 n1: 1088 0x4013645: _dl_allocate_tls (dl-tls.c:286)
  n1: 1088 0x51DB226: pthread_create@@GLIBC_2.2.5 (allocatestack.c:627)
   n1: 1088 0x109827: tpool_create (bbpModefy.c:336)
    n0: 1088 0x109C2A: main (bbpModefy.c:416)
 n1: 808 0x109BA4: bpp (bbpModefy.c:405)
  n1: 808 0x10936A: jobqueue_fetch (bbpModefy.c:228)
   n1: 808 0x51DA6D9: start_thread (pthread_create.c:463)
    n0: 808 0x551371D: clone (clone.S:95)
 n1: 384 0x4012024: _dl_check_map_versions (dl-version.c:274)
  n1: 384 0x40153EA: dl_open_worker (dl-open.c:284)
   n1: 384 0x55591ED: _dl_catch_exception (dl-error-skeleton.c:196)
    n1: 384 0x4014968: _dl_open (dl-open.c:605)
     n1: 384 0x55582BB: do_dlopen (dl-libc.c:96)
      n1: 384 0x55591ED: _dl_catch_exception (dl-error-skeleton.c:196)
       n1: 384 0x555927D: _dl_catch_error (dl-error-skeleton.c:215)
        n1: 384 0x55583E7: __libc_dlopen_mode (dl-libc.c:46)
         n1: 384 0x51E5ED9: pthread_cancel_init (unwind-forcedunwind.c:52)
          n1: 384 0x51E60C2: _Unwind_ForcedUnwind (unwind-forcedunwind.c:126)
           n1: 384 0x51E3FFE: __pthread_unwind (unwind.c:121)
            n1: 384 0x51DBAE3: pthread_exit (pthreadP.h:301)
             n1: 384 0x109494: jobqueue_fetch (bbpModefy.c:251)
              n1: 384 0x51DA6D9: start_thread (pthread_create.c:463)
               n0: 384 0x551371D: clone (clone.S:95)
 n1: 208 0x108F4B: jobqueue_create (bbpModefy.c:146)
  n0: 208 in 2 places, all below massif's threshold (1.00%)
 n0: 192 in 7 places, all below massif's threshold (1.00%)
#-----------
snapshot=57
#-----------
time=453222
mem_heap_B=3862
mem_heap_extra_B=1770
mem_stacks_B=5104
heap_tree=empty
#-----------
snapshot=58
#-----------
time=454844
mem_heap_B=3862
mem_heap_extra_B=1770
mem_stacks_B=6192
heap_tree=empty
#-----------
snapshot=59
#-----------
time=456375
mem_heap_B=3862
mem_heap_extra_B=1770
mem_stacks_B=6592
heap_tree=empty
#-----------
snapshot=60
#-----------
time=457895
mem_heap_B=3862
mem_heap_extra_B=1770
mem_stacks_B=6592
heap_tree=empty
#-----------
snapshot=61
#-----------
time=459408
mem_heap_B=3862
mem_heap_extra_B=1770
mem_stacks_B=6496
heap_tree=empty
#-----------
snapshot=62
#-----------
time=460934
mem_heap_B=3862
mem_heap_extra_B=1770
mem_stacks_B=6592
heap_tree=empty
#-----------
snapshot=63
#-----------
time=462491
mem_heap_B=3862
mem_heap_extra_B=1770
mem_stacks_B=5104
heap_tree=empty
#-----------
snapshot=64
#-----------
time=464026
mem_heap_B=3862
mem_heap_extra_B=1770
mem_stacks_B=4616
heap_tree=empty
#-----------
snapshot=65
#-----------
time=465585
mem_heap_B=3862
mem_heap_extra_B=1770
mem_stacks_B=4712
heap_tree=empty
#-----------
snapshot=66
#-----------
time=467129
mem_heap_B=3862
mem_heap_extra_B=1770
mem_stacks_B=4952
heap_tree=detailed
n6: 3862 (heap allocation functions) malloc/new/new[], --alloc-fns, etc.
 n1: 1182 0x400C2AF: _dl_new_object (dl-object.c:73)
  n1: 1182 0x4006A03: _dl_map_object_from_fd (dl-load.c:998)
   n1: 1182 0x40091AA: _dl_map_object (dl-load.c:2460)
    n1: 1182 0x4015082: dl_open_worker (dl-open.c:235)
     n1: 1182 0x55591ED: _dl_catch_exception (dl-error-skeleton.c:196)
      n1: 1182 0x4014968: _dl_open (dl-open.c:605)
       n1: 1182 0x55582BB: do_dlopen (dl-libc.c:96)
        n1: 1182 0x55591ED: _dl_catch_exception (dl-error-skeleton.c:196)
         n1: 1182 0x555927D: _dl_catch_error (dl-error-skeleton.c:215)
          n1: 1182 0x55583E7: __libc_dlopen_mode (dl-libc.c:46)
           n1: 1182 0x51E5ED9: pthread_cancel_init (unwind-forcedunwind.c:52)
            n1: 1182 0x51E60C2: _Unwind_ForcedUnwind (unwind-forcedunwind.c:126)
             n1: 1182 0x51E3FFE: __pthread_unwind (unwind.c:121)
              n1: 1182 0x51DBAE3: pthread_exit (pthreadP.h:301)
               n1: 1182 0x109494: jobqueue_fetch (bbpModefy.c:251)
                n1: 1182 0x51DA6D9: start_thread (pthread_create.c:463)
                 n0: 1182 0x551371D: clone (clone.S:95)
 n1: 1088 0x4013645: _dl_allocate_tls (dl-tls.c:286)
  n1: 1088 0x51DB226: pthread_create@@GLIBC_2.2.5 (allocatestack.c:627)
   n1: 1088 0x109827: tpool_create (bbpModefy.c:336)
    n0: 1088 0x109C2A: main (bbpModefy.c:416)
 n1: 808 0x109BA4: bpp (bbpModefy.c:405)
  n1: 808 0x10936A: jobqueue_fetch (bbpModefy.c:228)
   n1: 808 0x51DA6D9: start_thread (pthread_create.c:463)
    n0: 808 0x551371D: clone (clone.S:95)
 n1: 384 0x4012024: _dl_check_map_versions (dl-version.c:274)
  n1: 384 0x40153EA: dl_open_worker (dl-open.c:284)
   n1: 384 0x55591ED: _dl_catch_exception (dl-error-skeleton.c:196)
    n1: 384 0x4014968: _dl_open (dl-open.c:605)
     n1: 384 0x55582BB: do_dlopen (dl-libc.c:96)
      n1: 384 0x55591ED: _dl_catch_exception (dl-error-skeleton.c:196)
       n1: 384 0x555927D: _dl_catch_error (dl-error-skeleton.c:215)
        n1: 384 0x55583E7: __libc_dlopen_mode (dl-libc.c:46)
         n1: 384 0x51E5ED9: pthread_cancel_init (unwind-forcedunwind.c:52)
          n1: 384 0x51E60C2: _Unwind_ForcedUnwind (unwind-forcedunwind.c:126)
           n1: 384 0x51E3FFE: __pthread_unwind (unwind.c:121)
            n1: 384 0x51DBAE3: pthread_exit (pthreadP.h:301)
             n1: 384 0x109494: jobqueue_fetch (bbpModefy.c:251)
              n1: 384 0x51DA6D9: start_thread (pthread_create.c:463)
               n0: 384 0x551371D: clone (clone.S:95)
 n1: 208 0x108F4B: jobqueue_create (bbpModefy.c:146)
  n0: 208 in 2 places, all below massif's threshold (1.00%)
 n0: 192 in 7 places, all below massif's threshold (1.00%)
#-----------
snapshot=67
#-----------
time=468640
mem_heap_B=3862
mem_heap_extra_B=1770
mem_stacks_B=5392
heap_tree=empty
#-----------
snapshot=68
#-----------
time=470169
mem_heap_B=3862
mem_heap_extra_B=1770
mem_stacks_B=5400
heap_tree=empty
#-----------
snapshot=69
#-----------
time=471678
mem_heap_B=3862
mem_heap_extra_B=1770
mem_stacks_B=5392
heap_tree=empty
#-----------
snapshot=70
#-----------
time=473191
mem_heap_B=3862
mem_heap_extra_B=1770
mem_stacks_B=5400
heap_tree=empty
#-----------
snapshot=71
#-----------
time=474702
mem_heap_B=3862
mem_heap_extra_B=1770
mem_stacks_B=3192
heap_tree=empty
#-----------
snapshot=72
#-----------
time=476309
mem_heap_B=3862
mem_heap_extra_B=1770
mem_stacks_B=3688
heap_tree=empty
#-----------
snapshot=73
#-----------
time=477824
mem_heap_B=3862
mem_heap_extra_B=1770
mem_stacks_B=4048
heap_tree=empty
#-----------
snapshot=74
#-----------
time=479351
mem_heap_B=3862
mem_heap_extra_B=1770
mem_stacks_B=4080
heap_tree=empty
#-----------
snapshot=75
#-----------
time=480873
mem_heap_B=3862
mem_heap_extra_B=1770
mem_stacks_B=4072
heap_tree=empty
#-----------
snapshot=76
#-----------
time=482387
mem_heap_B=3862
mem_heap_extra_B=1770
mem_stacks_B=4072
heap_tree=detailed
n6: 3862 (heap allocation functions) malloc/new/new[], --alloc-fns, etc.
 n1: 1182 0x400C2AF: _dl_new_object (dl-object.c:73)
  n1: 1182 0x4006A03: _dl_map_object_from_fd (dl-load.c:998)
   n1: 1182 0x40091AA: _dl_map_object (dl-load.c:2460)
    n1: 1182 0x4015082: dl_open_worker (dl-open.c:235)
     n1: 1182 0x55591ED: _dl_catch_exception (dl-error-skeleton.c:196)
      n1: 1182 0x4014968: _dl_open (dl-open.c:605)
       n1: 1182 0x55582BB: do_dlopen (dl-libc.c:96)
        n1: 1182 0x55591ED: _dl_catch_exception (dl-error-skeleton.c:196)
         n1: 1182 0x555927D: _dl_catch_error (dl-error-skeleton.c:215)
          n1: 1182 0x55583E7: __libc_dlopen_mode (dl-libc.c:46)
           n1: 1182 0x51E5ED9: pthread_cancel_init (unwind-forcedunwind.c:52)
            n1: 1182 0x51E60C2: _Unwind_ForcedUnwind (unwind-forcedunwind.c:126)
             n1: 1182 0x51E3FFE: __pthread_unwind (unwind.c:121)
              n1: 1182 0x51DBAE3: pthread_exit (pthreadP.h:301)
               n1: 1182 0x109494: jobqueue_fetch (bbpModefy.c:251)
                n1: 1182 0x51DA6D9: start_thread (pthread_create.c:463)
                 n0: 1182 0x551371D: clone (clone.S:95)
 n1: 1088 0x4013645: _dl_allocate_tls (dl-tls.c:286)
  n1: 1088 0x51DB226: pthread_create@@GLIBC_2.2.5 (allocatestack.c:627)
   n1: 1088 0x109827: tpool_create (bbpModefy.c:336)
    n0: 1088 0x109C2A: main (bbpModefy.c:416)
 n1: 808 0x109BA4: bpp (bbpModefy.c:405)
  n1: 808 0x10936A: jobqueue_fetch (bbpModefy.c:228)
   n1: 808 0x51DA6D9: start_thread (pthread_create.c:463)
    n0: 808 0x551371D: clone (clone.S:95)
 n1: 384 0x4012024: _dl_check_map_versions (dl-version.c:274)
  n1: 384 0x40153EA: dl_open_worker (dl-open.c:284)
   n1: 384 0x55591ED: _dl_catch_exception (dl-error-skeleton.c:196)
    n1: 384 0x4014968: _dl_open (dl-open.c:605)
     n1: 384 0x55582BB: do_dlopen (dl-libc.c:96)
      n1: 384 0x55591ED: _dl_catch_exception (dl-error-skeleton.c:196)
       n1: 384 0x555927D: _dl_catch_error (dl-error-skeleton.c:215)
        n1: 384 0x55583E7: __libc_dlopen_mode (dl-libc.c:46)
         n1: 384 0x51E5ED9: pthread_cancel_init (unwind-forcedunwind.c:52)
          n1: 384 0x51E60C2: _Unwind_ForcedUnwind (unwind-forcedunwind.c:126)
           n1: 384 0x51E3FFE: __pthread_unwind (unwind.c:121)
            n1: 384 0x51DBAE3: pthread_exit (pthreadP.h:301)
             n1: 384 0x109494: jobqueue_fetch (bbpModefy.c:251)
              n1: 384 0x51DA6D9: start_thread (pthread_create.c:463)
               n0: 384 0x551371D: clone (clone.S:95)
 n2: 208 0x108F4B: jobqueue_create (bbpModefy.c:146)
  n1: 104 0x109732: tpool_create (bbpModefy.c:322)
   n0: 104 0x109C2A: main (bbpModefy.c:416)
  n1: 104 0x10973B: tpool_create (bbpModefy.c:323)
   n0: 104 0x109C2A: main (bbpModefy.c:416)
 n0: 192 in 7 places, all below massif's threshold (1.00%)
#-----------
snapshot=77
#-----------
time=483914
mem_heap_B=3862
mem_heap_extra_B=1770
mem_stacks_B=4080
heap_tree=empty
#-----------
snapshot=78
#-----------
time=485423
mem_heap_B=3862
mem_heap_extra_B=1770
mem_stacks_B=2368
heap_tree=empty
#-----------
snapshot=79
#-----------
time=486934
mem_heap_B=4718
mem_heap_extra_B=1746
mem_stacks_B=4024
heap_tree=empty
#-----------
snapshot=80
#-----------
time=488463
mem_heap_B=4718
mem_heap_extra_B=1746
mem_stacks_B=4536
heap_tree=empty
#-----------
snapshot=81
#-----------
time=489975
mem_heap_B=4718
mem_heap_extra_B=1746
mem_stacks_B=4552
heap_tree=empty
#-----------
snapshot=82
#-----------
time=491661
mem_heap_B=4718
mem_heap_extra_B=1746
mem_stacks_B=1384
heap_tree=empty
#-----------
snapshot=83
#-----------
time=493175
mem_heap_B=4718
mem_heap_extra_B=1746
mem_stacks_B=1280
heap_tree=empty
#-----------
snapshot=84
#-----------
time=494716
mem_heap_B=4718
mem_heap_extra_B=1746
mem_stacks_B=2440
heap_tree=empty
#-----------
snapshot=85
#-----------
time=496281
mem_heap_B=3694
mem_heap_extra_B=1738
mem_stacks_B=2600
heap_tree=empty
#-----------
snapshot=86
#-----------
time=497805
mem_heap_B=3694
mem_heap_extra_B=1738
mem_stacks_B=2664
heap_tree=detailed
n6: 3694 (heap allocation functions) malloc/new/new[], --alloc-fns, etc.
 n1: 1182 0x400C2AF: _dl_new_object (dl-object.c:73)
  n1: 1182 0x4006A03: _dl_map_object_from_fd (dl-load.c:998)
   n1: 1182 0x40091AA: _dl_map_object (dl-load.c:2460)
    n1: 1182 0x4015082: dl_open_worker (dl-open.c:235)
     n1: 1182 0x55591ED: _dl_catch_exception (dl-error-skeleton.c:196)
      n1: 1182 0x4014968: _dl_open (dl-open.c:605)
       n1: 1182 0x55582BB: do_dlopen (dl-libc.c:96)
        n1: 1182 0x55591ED: _dl_catch_exception (dl-error-skeleton.c:196)
         n1: 1182 0x555927D: _dl_catch_error (dl-error-skeleton.c:215)
          n1: 1182 0x55583E7: __libc_dlopen_mode (dl-libc.c:46)
           n1: 1182 0x51E5ED9: pthread_cancel_init (unwind-forcedunwind.c:52)
            n1: 1182 0x51E60C2: _Unwind_ForcedUnwind (unwind-forcedunwind.c:126)
             n1: 1182 0x51E3FFE: __pthread_unwind (unwind.c:121)
              n1: 1182 0x51DBAE3: pthread_exit (pthreadP.h:301)
               n1: 1182 0x109494: jobqueue_fetch (bbpModefy.c:251)
                n1: 1182 0x51DA6D9: start_thread (pthread_create.c:463)
                 n0: 1182 0x551371D: clone (clone.S:95)
 n1: 1088 0x4013645: _dl_allocate_tls (dl-tls.c:286)
  n1: 1088 0x51DB226: pthread_create@@GLIBC_2.2.5 (allocatestack.c:627)
   n1: 1088 0x109827: tpool_create (bbpModefy.c:336)
    n0: 1088 0x109C2A: main (bbpModefy.c:416)
 n1: 808 0x109BA4: bpp (bbpModefy.c:405)
  n1: 808 0x10936A: jobqueue_fetch (bbpModefy.c:228)
   n1: 808 0x51DA6D9: start_thread (pthread_create.c:463)
    n0: 808 0x551371D: clone (clone.S:95)
 n1: 384 0x4012024: _dl_check_map_versions (dl-version.c:274)
  n1: 384 0x40153EA: dl_open_worker (dl-open.c:284)
   n1: 384 0x55591ED: _dl_catch_exception (dl-error-skeleton.c:196)
    n1: 384 0x4014968: _dl_open (dl-open.c:605)
     n1: 384 0x55582BB: do_dlopen (dl-libc.c:96)
      n1: 384 0x55591ED: _dl_catch_exception (dl-error-skeleton.c:196)
       n1: 384 0x555927D: _dl_catch_error (dl-error-skeleton.c:215)
        n1: 384 0x55583E7: __libc_dlopen_mode (dl-libc.c:46)
         n1: 384 0x51E5ED9: pthread_cancel_init (unwind-forcedunwind.c:52)
          n1: 384 0x51E60C2: _Unwind_ForcedUnwind (unwind-forcedunwind.c:126)
           n1: 384 0x51E3FFE: __pthread_unwind (unwind.c:121)
            n1: 384 0x51DBAE3: pthread_exit (pthreadP.h:301)
             n1: 384 0x109494: jobqueue_fetch (bbpModefy.c:251)
              n1: 384 0x51DA6D9: start_thread (pthread_create.c:463)
               n0: 384 0x551371D: clone (clone.S:95)
 n0: 128 in 8 places, all below massif's threshold (1.00%)
 n2: 104 0x108F4B: jobqueue_create (bbpModefy.c:146)
  n1: 104 0x10973B: tpool_create (bbpModefy.c:323)
   n0: 104 0x109C2A: main (bbpModefy.c:416)
  n0: 0 in 1 place, below massif's threshold (1.00%)
#-----------
snapshot=87
#-----------
time=499328
mem_heap_B=3422
mem_heap_extra_B=1730
mem_stacks_B=2184
heap_tree=empty
#-----------
snapshot=88
#-----------
time=500843
mem_heap_B=3422
mem_heap_extra_B=1730
mem_stacks_B=1248
heap_tree=empty
#-----------
snapshot=89
#-----------
time=502361
mem_heap_B=2606
mem_heap_extra_B=1706
mem_stacks_B=1184
heap_tree=empty
